<?xml version="1.0" encoding="UTF-8"?>
<testng-results ignored="0" total="1" passed="1" failed="0" skipped="0">
  <reporter-output>
  </reporter-output>
  <suite started-at="2021-11-14T15:27:35 MSK" name="Surefire suite" finished-at="2021-11-14T15:27:50 MSK" duration-ms="15081">
    <groups>
    </groups>
    <test started-at="2021-11-14T15:27:35 MSK" name="Surefire test" finished-at="2021-11-14T15:27:50 MSK" duration-ms="15081">
      <class name="test.CurrencyTest">
        <test-method is-config="true" signature="browserSetup()[pri:0, instance:test.CurrencyTest@275710fc]" started-at="2021-11-14T15:27:35 MSK" name="browserSetup" finished-at="2021-11-14T15:27:40 MSK" duration-ms="5396" status="PASS">
          <reporter-output>
          </reporter-output>
        </test-method> <!-- browserSetup -->
        <test-method signature="buyTokensOnCurrency()[pri:0, instance:test.CurrencyTest@275710fc]" started-at="2021-11-14T15:27:40 MSK" name="buyTokensOnCurrency" description="Buy 10 tokens of Bitcoin / USD on Currency.com" finished-at="2021-11-14T15:27:50 MSK" duration-ms="9507" status="PASS">
          <reporter-output>
          </reporter-output>
        </test-method> <!-- buyTokensOnCurrency -->
        <test-method is-config="true" signature="browserShutDown()[pri:0, instance:test.CurrencyTest@275710fc]" started-at="2021-11-14T15:27:50 MSK" name="browserShutDown" finished-at="2021-11-14T15:27:50 MSK" duration-ms="148" status="PASS">
          <reporter-output>
          </reporter-output>
        </test-method> <!-- browserShutDown -->
      </class> <!-- test.CurrencyTest -->
    </test> <!-- Surefire test -->
  </suite> <!-- Surefire suite -->
</testng-results>
